{"/Users/siddharth.kulkarni/Technical/PersonalProjects/effective-typescript-cookbook/src/refactoring/chapter_1/statement.ts": {"path":"/Users/siddharth.kulkarni/Technical/PersonalProjects/effective-typescript-cookbook/src/refactoring/chapter_1/statement.ts","statementMap":{"0":{"start":{"line":1,"column":0},"end":{"line":1,"column":16}},"1":{"start":{"line":2,"column":2},"end":{"line":2,"column":35}},"2":{"start":{"line":2,"column":25},"end":{"line":2,"column":35}},"3":{"start":{"line":4,"column":20},"end":{"line":4,"column":21}},"4":{"start":{"line":5,"column":22},"end":{"line":5,"column":23}},"5":{"start":{"line":6,"column":15},"end":{"line":6,"column":52}},"6":{"start":{"line":7,"column":17},"end":{"line":11,"column":13}},"7":{"start":{"line":12,"column":2},"end":{"line":42,"column":3}},"8":{"start":{"line":13,"column":17},"end":{"line":13,"column":35}},"9":{"start":{"line":14,"column":21},"end":{"line":14,"column":22}},"10":{"start":{"line":15,"column":4},"end":{"line":15,"column":null}},"11":{"start":{"line":16,"column":4},"end":{"line":32,"column":5}},"12":{"start":{"line":18,"column":8},"end":{"line":18,"column":27}},"13":{"start":{"line":19,"column":8},"end":{"line":21,"column":9}},"14":{"start":{"line":20,"column":10},"end":{"line":20,"column":52}},"15":{"start":{"line":22,"column":8},"end":{"line":22,"column":14}},"16":{"start":{"line":24,"column":8},"end":{"line":24,"column":27}},"17":{"start":{"line":25,"column":8},"end":{"line":27,"column":9}},"18":{"start":{"line":26,"column":10},"end":{"line":26,"column":59}},"19":{"start":{"line":28,"column":8},"end":{"line":28,"column":42}},"20":{"start":{"line":29,"column":8},"end":{"line":29,"column":14}},"21":{"start":{"line":31,"column":8},"end":{"line":31,"column":54}},"22":{"start":{"line":35,"column":4},"end":{"line":35,"column":53}},"23":{"start":{"line":37,"column":4},"end":{"line":37,"column":79}},"24":{"start":{"line":37,"column":32},"end":{"line":37,"column":79}},"25":{"start":{"line":40,"column":4},"end":{"line":40,"column":87}},"26":{"start":{"line":41,"column":4},"end":{"line":41,"column":30}},"27":{"start":{"line":43,"column":2},"end":{"line":43,"column":60}},"28":{"start":{"line":44,"column":2},"end":{"line":44,"column":52}},"29":{"start":{"line":45,"column":2},"end":{"line":45,"column":16}},"30":{"start":{"line":49,"column":14},"end":{"line":53,"column":null}},"31":{"start":{"line":55,"column":17},"end":{"line":73,"column":null}}},"fnMap":{"0":{"name":"statement","decl":{"start":{"line":1,"column":16},"end":{"line":1,"column":25}},"loc":{"start":{"line":1,"column":40},"end":{"line":46,"column":1}}}},"branchMap":{"0":{"loc":{"start":{"line":2,"column":2},"end":{"line":2,"column":35}},"type":"if","locations":[{"start":{"line":2,"column":2},"end":{"line":2,"column":35}}]},"1":{"loc":{"start":{"line":2,"column":5},"end":{"line":2,"column":23}},"type":"binary-expr","locations":[{"start":{"line":2,"column":5},"end":{"line":2,"column":13}},{"start":{"line":2,"column":17},"end":{"line":2,"column":23}}]},"2":{"loc":{"start":{"line":16,"column":4},"end":{"line":32,"column":5}},"type":"switch","locations":[{"start":{"line":17,"column":6},"end":{"line":22,"column":14}},{"start":{"line":23,"column":6},"end":{"line":29,"column":14}},{"start":{"line":30,"column":6},"end":{"line":31,"column":54}}]},"3":{"loc":{"start":{"line":19,"column":8},"end":{"line":21,"column":9}},"type":"if","locations":[{"start":{"line":19,"column":8},"end":{"line":21,"column":9}}]},"4":{"loc":{"start":{"line":25,"column":8},"end":{"line":27,"column":9}},"type":"if","locations":[{"start":{"line":25,"column":8},"end":{"line":27,"column":9}}]},"5":{"loc":{"start":{"line":37,"column":4},"end":{"line":37,"column":79}},"type":"if","locations":[{"start":{"line":37,"column":4},"end":{"line":37,"column":79}}]}},"s":{"0":1,"1":3,"2":1,"3":2,"4":2,"5":2,"6":2,"7":2,"8":4,"9":4,"10":4,"11":4,"12":2,"13":2,"14":2,"15":2,"16":1,"17":1,"18":1,"19":1,"20":1,"21":1,"22":3,"23":3,"24":1,"25":3,"26":3,"27":1,"28":1,"29":1,"30":1,"31":1},"f":{"0":3},"b":{"0":[1],"1":[3,2],"2":[2,1,1],"3":[2],"4":[1],"5":[1]}}
}
