{"/Users/siddharth.kulkarni/Technical/PersonalProjects/effective-typescript-cookbook/src/refactoring/chapter_1/statement.ts": {"path":"/Users/siddharth.kulkarni/Technical/PersonalProjects/effective-typescript-cookbook/src/refactoring/chapter_1/statement.ts","statementMap":{"0":{"start":{"line":7,"column":4},"end":{"line":7,"column":37}},"1":{"start":{"line":7,"column":27},"end":{"line":7,"column":37}},"2":{"start":{"line":9,"column":22},"end":{"line":9,"column":23}},"3":{"start":{"line":10,"column":24},"end":{"line":10,"column":25}},"4":{"start":{"line":11,"column":17},"end":{"line":11,"column":54}},"5":{"start":{"line":12,"column":19},"end":{"line":16,"column":15}},"6":{"start":{"line":17,"column":4},"end":{"line":24,"column":5}},"7":{"start":{"line":18,"column":19},"end":{"line":18,"column":37}},"8":{"start":{"line":19,"column":25},"end":{"line":19,"column":52}},"9":{"start":{"line":22,"column":6},"end":{"line":22,"column":89}},"10":{"start":{"line":23,"column":6},"end":{"line":23,"column":32}},"11":{"start":{"line":25,"column":4},"end":{"line":25,"column":42}},"12":{"start":{"line":26,"column":4},"end":{"line":26,"column":62}},"13":{"start":{"line":27,"column":4},"end":{"line":27,"column":54}},"14":{"start":{"line":28,"column":4},"end":{"line":28,"column":18}},"15":{"start":{"line":5,"column":0},"end":{"line":5,"column":13}},"16":{"start":{"line":33,"column":22},"end":{"line":33,"column":23}},"17":{"start":{"line":34,"column":2},"end":{"line":38,"column":3}},"18":{"start":{"line":35,"column":17},"end":{"line":35,"column":35}},"19":{"start":{"line":36,"column":4},"end":{"line":36,"column":53}},"20":{"start":{"line":37,"column":4},"end":{"line":37,"column":87}},"21":{"start":{"line":37,"column":40},"end":{"line":37,"column":87}},"22":{"start":{"line":39,"column":2},"end":{"line":39,"column":null}},"23":{"start":{"line":43,"column":19},"end":{"line":43,"column":20}},"24":{"start":{"line":44,"column":4},"end":{"line":60,"column":5}},"25":{"start":{"line":46,"column":8},"end":{"line":46,"column":27}},"26":{"start":{"line":47,"column":8},"end":{"line":49,"column":9}},"27":{"start":{"line":48,"column":10},"end":{"line":48,"column":52}},"28":{"start":{"line":50,"column":8},"end":{"line":50,"column":14}},"29":{"start":{"line":52,"column":8},"end":{"line":52,"column":27}},"30":{"start":{"line":53,"column":8},"end":{"line":55,"column":9}},"31":{"start":{"line":54,"column":10},"end":{"line":54,"column":59}},"32":{"start":{"line":56,"column":8},"end":{"line":56,"column":42}},"33":{"start":{"line":57,"column":8},"end":{"line":57,"column":14}},"34":{"start":{"line":59,"column":8},"end":{"line":59,"column":54}},"35":{"start":{"line":61,"column":4},"end":{"line":61,"column":null}},"36":{"start":{"line":63,"column":14},"end":{"line":67,"column":null}},"37":{"start":{"line":69,"column":17},"end":{"line":87,"column":null}},"38":{"start":{"line":89,"column":0},"end":{"line":89,"column":null}},"39":{"start":{"line":90,"column":2},"end":{"line":90,"column":null}},"40":{"start":{"line":91,"column":2},"end":{"line":91,"column":null}}},"fnMap":{"0":{"name":"(anonymous_0)","decl":{"start":{"line":6,"column":2},"end":{"line":6,"column":11}},"loc":{"start":{"line":6,"column":26},"end":{"line":29,"column":3}}},"1":{"name":"voumeCredits","decl":{"start":{"line":32,"column":9},"end":{"line":32,"column":21}},"loc":{"start":{"line":32,"column":29},"end":{"line":40,"column":1}}},"2":{"name":"calculateAmount","decl":{"start":{"line":42,"column":9},"end":{"line":42,"column":24}},"loc":{"start":{"line":42,"column":35},"end":{"line":62,"column":1}}},"3":{"name":"(anonymous_3)","decl":{"start":{"line":89,"column":0},"end":{"line":89,"column":5}},"loc":{"start":{"line":89,"column":14},"end":{"line":92,"column":1}}}},"branchMap":{"0":{"loc":{"start":{"line":7,"column":4},"end":{"line":7,"column":37}},"type":"if","locations":[{"start":{"line":7,"column":4},"end":{"line":7,"column":37}}]},"1":{"loc":{"start":{"line":7,"column":7},"end":{"line":7,"column":25}},"type":"binary-expr","locations":[{"start":{"line":7,"column":7},"end":{"line":7,"column":15}},{"start":{"line":7,"column":19},"end":{"line":7,"column":25}}]},"2":{"loc":{"start":{"line":37,"column":4},"end":{"line":37,"column":87}},"type":"if","locations":[{"start":{"line":37,"column":4},"end":{"line":37,"column":87}}]},"3":{"loc":{"start":{"line":44,"column":4},"end":{"line":60,"column":5}},"type":"switch","locations":[{"start":{"line":45,"column":6},"end":{"line":50,"column":14}},{"start":{"line":51,"column":6},"end":{"line":57,"column":14}},{"start":{"line":58,"column":6},"end":{"line":59,"column":54}}]},"4":{"loc":{"start":{"line":47,"column":8},"end":{"line":49,"column":9}},"type":"if","locations":[{"start":{"line":47,"column":8},"end":{"line":49,"column":9}}]},"5":{"loc":{"start":{"line":53,"column":8},"end":{"line":55,"column":9}},"type":"if","locations":[{"start":{"line":53,"column":8},"end":{"line":55,"column":9}}]},"6":{"loc":{"start":{"line":89,"column":5},"end":{"line":89,"column":null}},"type":"binary-expr","locations":[{"start":{"line":89,"column":5},"end":{"line":89,"column":14}},{"start":{"line":89,"column":5},"end":{"line":89,"column":null}}]}},"s":{"0":3,"1":1,"2":2,"3":2,"4":2,"5":2,"6":2,"7":4,"8":4,"9":3,"10":3,"11":1,"12":1,"13":1,"14":1,"15":1,"16":1,"17":1,"18":3,"19":3,"20":3,"21":1,"22":1,"23":4,"24":4,"25":2,"26":2,"27":2,"28":2,"29":1,"30":1,"31":1,"32":1,"33":1,"34":1,"35":3,"36":1,"37":1,"38":1,"39":1,"40":1},"f":{"0":3,"1":1,"2":4,"3":1},"b":{"0":[1],"1":[3,2],"2":[1],"3":[2,1,1],"4":[2],"5":[1],"6":[1,1]}}
}
