TN:
SF:src/refactoring/chapter_1/statement.ts
FN:6,(anonymous_0)
FN:35,calculateAmount
FN:82,(anonymous_2)
FNF:3
FNH:3
FNDA:3,(anonymous_0)
FNDA:4,calculateAmount
FNDA:1,(anonymous_2)
DA:5,1
DA:7,3
DA:9,2
DA:10,2
DA:11,2
DA:12,2
DA:17,2
DA:18,4
DA:19,4
DA:21,3
DA:23,3
DA:26,3
DA:27,3
DA:29,1
DA:30,1
DA:31,1
DA:36,4
DA:37,4
DA:39,2
DA:40,2
DA:41,2
DA:43,2
DA:45,1
DA:46,1
DA:47,1
DA:49,1
DA:50,1
DA:52,1
DA:54,3
DA:56,1
DA:62,1
DA:82,1
DA:83,1
DA:84,1
LF:34
LH:34
BRDA:7,0,0,1
BRDA:7,1,0,3
BRDA:7,1,1,2
BRDA:23,2,0,1
BRDA:37,3,0,2
BRDA:37,3,1,1
BRDA:37,3,2,1
BRDA:40,4,0,2
BRDA:46,5,0,1
BRDA:82,6,0,1
BRDA:82,6,1,1
BRF:11
BRH:11
end_of_record
