TN:
SF:src/refactoring/chapter_1/statement.ts
FN:6,(anonymous_0)
FN:32,voumeCredits
FN:42,calculateAmount
FN:89,(anonymous_3)
FNF:4
FNH:4
FNDA:3,(anonymous_0)
FNDA:1,voumeCredits
FNDA:4,calculateAmount
FNDA:1,(anonymous_3)
DA:5,1
DA:7,3
DA:9,2
DA:10,2
DA:11,2
DA:12,2
DA:17,2
DA:18,4
DA:19,4
DA:22,3
DA:23,3
DA:25,1
DA:26,1
DA:27,1
DA:28,1
DA:33,1
DA:34,1
DA:35,3
DA:36,3
DA:37,3
DA:39,1
DA:43,4
DA:44,4
DA:46,2
DA:47,2
DA:48,2
DA:50,2
DA:52,1
DA:53,1
DA:54,1
DA:56,1
DA:57,1
DA:59,1
DA:61,3
DA:63,1
DA:69,1
DA:89,1
DA:90,1
DA:91,1
LF:39
LH:39
BRDA:7,0,0,1
BRDA:7,1,0,3
BRDA:7,1,1,2
BRDA:37,2,0,1
BRDA:44,3,0,2
BRDA:44,3,1,1
BRDA:44,3,2,1
BRDA:47,4,0,2
BRDA:53,5,0,1
BRDA:89,6,0,1
BRDA:89,6,1,1
BRF:11
BRH:11
end_of_record
